D:\SIMPLE RENDER\SIMPLE RENDER\X64\DEBUG\CAMERA.OBJ
D:\SIMPLE RENDER\SIMPLE RENDER\X64\DEBUG\DIRECTIONLIGHT.OBJ
D:\SIMPLE RENDER\SIMPLE RENDER\X64\DEBUG\CUBEMAP.OBJ
D:\SIMPLE RENDER\SIMPLE RENDER\X64\DEBUG\JSONCPP.OBJ
D:\SIMPLE RENDER\SIMPLE RENDER\X64\DEBUG\MATERIAL.OBJ
D:\SIMPLE RENDER\SIMPLE RENDER\X64\DEBUG\MESH.OBJ
D:\SIMPLE RENDER\SIMPLE RENDER\X64\DEBUG\MESHLOADER.OBJ
D:\SIMPLE RENDER\SIMPLE RENDER\X64\DEBUG\SCENE.OBJ
D:\SIMPLE RENDER\SIMPLE RENDER\X64\DEBUG\SCENEOBJECT.OBJ
D:\SIMPLE RENDER\SIMPLE RENDER\X64\DEBUG\SIMPLE RENDER.OBJ
D:\SIMPLE RENDER\SIMPLE RENDER\X64\DEBUG\SKYBOXOBJECT.OBJ
D:\SIMPLE RENDER\SIMPLE RENDER\X64\DEBUG\STDAFX.OBJ
D:\SIMPLE RENDER\SIMPLE RENDER\X64\DEBUG\TEXTURE.OBJ
D:\SIMPLE RENDER\SIMPLE RENDER\X64\DEBUG\VC110.PDB
D:\Simple Render\Simple Render\x64\Debug\Camera.obj
D:\Simple Render\Simple Render\x64\Debug\CubeMap.obj
D:\Simple Render\Simple Render\x64\Debug\DirectionLight.obj
D:\Simple Render\Simple Render\x64\Debug\jsoncpp.obj
D:\Simple Render\Simple Render\x64\Debug\Material.obj
D:\Simple Render\Simple Render\x64\Debug\Mesh.obj
D:\Simple Render\Simple Render\x64\Debug\MeshLoader.obj
D:\Simple Render\Simple Render\x64\Debug\Scene.obj
D:\Simple Render\Simple Render\x64\Debug\SceneObject.obj
D:\Simple Render\Simple Render\x64\Debug\Simple Render.obj
D:\Simple Render\Simple Render\x64\Debug\SkyboxObject.obj
D:\Simple Render\Simple Render\x64\Debug\stdafx.obj
D:\Simple Render\Simple Render\x64\Debug\Texture.obj
D:\Simple Render\Simple Render\x64\Debug\cl.command.1.tlog
D:\Simple Render\Simple Render\x64\Debug\CL.read.1.tlog
D:\Simple Render\Simple Render\x64\Debug\CL.write.1.tlog
D:\Simple Render\Simple Render\x64\Debug\link-cvtres.read.1.tlog
D:\Simple Render\Simple Render\x64\Debug\link-cvtres.write.1.tlog
D:\Simple Render\Simple Render\x64\Debug\link-rc.read.1.tlog
D:\Simple Render\Simple Render\x64\Debug\link-rc.write.1.tlog
D:\Simple Render\Simple Render\x64\Debug\link.command.1.tlog
D:\Simple Render\Simple Render\x64\Debug\link.read.1.tlog
D:\Simple Render\Simple Render\x64\Debug\link.write.1.tlog
D:\Simple Render\Simple Render\x64\Debug\vc110.idb
D:\Simple Render\Simple Render\x64\Debug\vc110.pdb
D:\Simple Render\x64\Debug\Simple Render.pdb
