  Bloom.cpp
d:\simple render\simple render\stdafx.h(17): warning C4067: unexpected tokens following preprocessor directive - expected a newline
Bloom.cpp(9): warning C4244: '*=': conversion from 'const float' to 'GLsizei', possible loss of data
Bloom.cpp(10): warning C4244: '*=': conversion from 'const float' to 'GLsizei', possible loss of data
Bloom.cpp(21): warning C4244: 'argument': conversion from 'float' to 'GLsizei', possible loss of data
  Blur.cpp
d:\simple render\simple render\stdafx.h(17): warning C4067: unexpected tokens following preprocessor directive - expected a newline
Blur.cpp(22): warning C4018: '<': signed/unsigned mismatch
  Camera.cpp
d:\simple render\simple render\stdafx.h(17): warning C4067: unexpected tokens following preprocessor directive - expected a newline
Camera.cpp(12): warning C4305: '=': truncation from 'double' to 'float'
Camera.cpp(19): warning C4244: 'initializing': conversion from 'double' to 'float', possible loss of data
Camera.cpp(26): warning C4244: '+=': conversion from 'double' to 'float', possible loss of data
Camera.cpp(27): warning C4244: '-=': conversion from 'double' to 'float', possible loss of data
  ColorFrameBufferObj.cpp
d:\simple render\simple render\stdafx.h(17): warning C4067: unexpected tokens following preprocessor directive - expected a newline
  DepthFrameBufferObj.cpp
d:\simple render\simple render\stdafx.h(17): warning C4067: unexpected tokens following preprocessor directive - expected a newline
  DirectionLight.cpp
d:\simple render\simple render\stdafx.h(17): warning C4067: unexpected tokens following preprocessor directive - expected a newline
  CubeMap.cpp
d:\simple render\simple render\stdafx.h(17): warning C4067: unexpected tokens following preprocessor directive - expected a newline
  FrameBufferObject.cpp
d:\simple render\simple render\stdafx.h(17): warning C4067: unexpected tokens following preprocessor directive - expected a newline
  ImageEffect.cpp
d:\simple render\simple render\stdafx.h(17): warning C4067: unexpected tokens following preprocessor directive - expected a newline
  ImageMaterial.cpp
d:\simple render\simple render\stdafx.h(17): warning C4067: unexpected tokens following preprocessor directive - expected a newline
  jsoncpp.cpp
  Material.cpp
d:\simple render\simple render\stdafx.h(17): warning C4067: unexpected tokens following preprocessor directive - expected a newline
  Mesh.cpp
d:\simple render\simple render\stdafx.h(17): warning C4067: unexpected tokens following preprocessor directive - expected a newline
Mesh.cpp(41): warning C4018: '<': signed/unsigned mismatch
  MeshLoader.cpp
d:\simple render\simple render\stdafx.h(17): warning C4067: unexpected tokens following preprocessor directive - expected a newline
MeshLoader.cpp(87): warning C4018: '<': signed/unsigned mismatch
  Scene.cpp
d:\simple render\simple render\stdafx.h(17): warning C4067: unexpected tokens following preprocessor directive - expected a newline
Scene.cpp(41): warning C4800: 'const char *': forcing value to bool 'true' or 'false' (performance warning)
Scene.cpp(50): warning C4018: '<': signed/unsigned mismatch
  SceneObject.cpp
d:\simple render\simple render\stdafx.h(17): warning C4067: unexpected tokens following preprocessor directive - expected a newline
SceneObject.cpp(46): warning C4244: 'argument': conversion from 'double' to 'GLfloat', possible loss of data
  Simple Render.cpp
d:\simple render\simple render\stdafx.h(17): warning C4067: unexpected tokens following preprocessor directive - expected a newline
  SkyboxObject.cpp
d:\simple render\simple render\stdafx.h(17): warning C4067: unexpected tokens following preprocessor directive - expected a newline
  stdafx.cpp
d:\simple render\simple render\stdafx.h(17): warning C4067: unexpected tokens following preprocessor directive - expected a newline
  Texture.cpp
d:\simple render\simple render\stdafx.h(17): warning C4067: unexpected tokens following preprocessor directive - expected a newline
  Generating code
  All 2436 functions were compiled because no usable IPDB/IOBJ from previous compilation was found.
  Finished generating code
  Simple Render.vcxproj -> D:\Simple Render\Release\Simple Render.exe
