D:\SIMPLE RENDER\SIMPLE RENDER\RELEASE\TEXTURE.OBJ
D:\SIMPLE RENDER\SIMPLE RENDER\RELEASE\STDAFX.OBJ
D:\SIMPLE RENDER\SIMPLE RENDER\RELEASE\SKYBOXOBJECT.OBJ
D:\SIMPLE RENDER\SIMPLE RENDER\RELEASE\SIMPLE RENDER.OBJ
D:\SIMPLE RENDER\SIMPLE RENDER\RELEASE\SCENEOBJECT.OBJ
D:\SIMPLE RENDER\SIMPLE RENDER\RELEASE\SCENE.OBJ
D:\SIMPLE RENDER\SIMPLE RENDER\RELEASE\MESHLOADER.OBJ
D:\SIMPLE RENDER\SIMPLE RENDER\RELEASE\MESH.OBJ
D:\SIMPLE RENDER\SIMPLE RENDER\RELEASE\MATERIAL.OBJ
D:\SIMPLE RENDER\SIMPLE RENDER\RELEASE\JSONCPP.OBJ
D:\SIMPLE RENDER\SIMPLE RENDER\RELEASE\CUBEMAP.OBJ
D:\SIMPLE RENDER\SIMPLE RENDER\RELEASE\DIRECTIONLIGHT.OBJ
D:\SIMPLE RENDER\SIMPLE RENDER\RELEASE\CAMERA.OBJ
D:\SIMPLE RENDER\SIMPLE RENDER\RELEASE\VC110.PDB
D:\SIMPLE RENDER\RELEASE\SIMPLE RENDER.EXE
D:\SIMPLE RENDER\RELEASE\SIMPLE RENDER.PDB
D:\Simple Render\Simple Render\Release\Camera.obj
D:\Simple Render\Simple Render\Release\CubeMap.obj
D:\Simple Render\Simple Render\Release\DirectionLight.obj
D:\Simple Render\Simple Render\Release\jsoncpp.obj
D:\Simple Render\Simple Render\Release\Material.obj
D:\Simple Render\Simple Render\Release\Mesh.obj
D:\Simple Render\Simple Render\Release\MeshLoader.obj
D:\Simple Render\Simple Render\Release\Scene.obj
D:\Simple Render\Simple Render\Release\SceneObject.obj
D:\Simple Render\Simple Render\Release\Simple Render.obj
D:\Simple Render\Simple Render\Release\SkyboxObject.obj
D:\Simple Render\Simple Render\Release\stdafx.obj
D:\Simple Render\Simple Render\Release\Texture.obj
D:\Simple Render\Simple Render\Release\cl.command.1.tlog
D:\Simple Render\Simple Render\Release\CL.read.1.tlog
D:\Simple Render\Simple Render\Release\CL.write.1.tlog
D:\Simple Render\Simple Render\Release\link-cvtres.read.1.tlog
D:\Simple Render\Simple Render\Release\link-cvtres.write.1.tlog
D:\Simple Render\Simple Render\Release\link-rc.read.1.tlog
D:\Simple Render\Simple Render\Release\link-rc.write.1.tlog
D:\Simple Render\Simple Render\Release\link.command.1.tlog
D:\Simple Render\Simple Render\Release\link.read.1.tlog
D:\Simple Render\Simple Render\Release\link.write.1.tlog
D:\Simple Render\Simple Render\Release\vc110.pdb
D:\Simple Render\Release\Simple Render.pdb
D:\Simple Render\Release\Simple Render.exe
