D:\SIMPLE RENDER\SIMPLE RENDER\DEBUG\SIMPLE RENDER.OBJ
D:\SIMPLE RENDER\SIMPLE RENDER\DEBUG\STDAFX.OBJ
D:\SIMPLE RENDER\SIMPLE RENDER\DEBUG\VC110.PDB
D:\Simple Render\Simple Render\Debug\Simple Render.obj
D:\Simple Render\Simple Render\Debug\stdafx.obj
D:\Simple Render\Simple Render\Debug\cl.command.1.tlog
D:\Simple Render\Simple Render\Debug\CL.read.1.tlog
D:\Simple Render\Simple Render\Debug\CL.write.1.tlog
D:\Simple Render\Simple Render\Debug\link-cvtres.read.1.tlog
D:\Simple Render\Simple Render\Debug\link-cvtres.write.1.tlog
D:\Simple Render\Simple Render\Debug\link-rc.read.1.tlog
D:\Simple Render\Simple Render\Debug\link-rc.write.1.tlog
D:\Simple Render\Simple Render\Debug\link.1148-cvtres.read.1.tlog
D:\Simple Render\Simple Render\Debug\link.1148-cvtres.write.1.tlog
D:\Simple Render\Simple Render\Debug\link.1148-rc.read.1.tlog
D:\Simple Render\Simple Render\Debug\link.1148-rc.write.1.tlog
D:\Simple Render\Simple Render\Debug\link.1148.read.1.tlog
D:\Simple Render\Simple Render\Debug\link.1148.write.1.tlog
D:\Simple Render\Simple Render\Debug\link.2652-cvtres.read.1.tlog
D:\Simple Render\Simple Render\Debug\link.2652-cvtres.write.1.tlog
D:\Simple Render\Simple Render\Debug\link.2652-rc.read.1.tlog
D:\Simple Render\Simple Render\Debug\link.2652-rc.write.1.tlog
D:\Simple Render\Simple Render\Debug\link.2652.read.1.tlog
D:\Simple Render\Simple Render\Debug\link.2652.write.1.tlog
D:\Simple Render\Simple Render\Debug\link.5316-cvtres.read.1.tlog
D:\Simple Render\Simple Render\Debug\link.5316-cvtres.write.1.tlog
D:\Simple Render\Simple Render\Debug\link.5316-rc.read.1.tlog
D:\Simple Render\Simple Render\Debug\link.5316-rc.write.1.tlog
D:\Simple Render\Simple Render\Debug\link.5316.read.1.tlog
D:\Simple Render\Simple Render\Debug\link.5316.write.1.tlog
D:\Simple Render\Simple Render\Debug\link.command.1.tlog
D:\Simple Render\Simple Render\Debug\link.read.1.tlog
D:\Simple Render\Simple Render\Debug\link.write.1.tlog
D:\Simple Render\Simple Render\Debug\vc110.idb
D:\Simple Render\Simple Render\Debug\vc110.pdb
D:\Simple Render\Debug\Simple Render.pdb
